C:\Program Files (x86)\Microsoft Visual Studio\2019\Community\MSBuild\Microsoft\VC\v160\Microsoft.CppBuild.targets(467,5): warning MSB8028: промежуточный каталог (x64\Debug\) содержит файлы, которые используются совместно с другим проектом (textedit.vcxproj).  Это может привести к ошибкам очистки и перестроения.
  stdafx.cpp
  ArgParser.cpp
  PWNExceptionBasic.cpp
  pwnutil.cpp
  cvmathdrawingnew.cpp
  user_registration.cpp
C:\UserRegistration\opencv4\build\include\opencv2\flann\result_set.h(308,37): warning C4003: недостаточно аргументов для вызова макроса, подобного функции, "max"
C:\UserRegistration\opencv4\build\include\opencv2\flann\result_set.h(430,62): warning C4003: недостаточно аргументов для вызова макроса, подобного функции, "max"
C:\UserRegistration\opencv4\build\include\opencv2\flann\lsh_index.h(205,75): warning C4003: недостаточно аргументов для вызова макроса, подобного функции, "max"
C:\UserRegistration\opencv4\build\include\opencv2\flann\lsh_index.h(271,75): warning C4003: недостаточно аргументов для вызова макроса, подобного функции, "max"
C:\UserRegistration\PAWLIN\PRJ\MHDR_KIDSENSOR\development\UserRegistration\ui_element.h(94,39): warning C4244: аргумент: преобразование "double" в "int", возможна потеря данных
C:\UserRegistration\PAWLIN\PRJ\MHDR_KIDSENSOR\development\UserRegistration\ui_element.h(96,66): warning C4244: аргумент: преобразование "double" в "int", возможна потеря данных
C:\UserRegistration\PAWLIN\PRJ\MHDR_KIDSENSOR\development\UserRegistration\user_registration.cpp(41,150): error C2660: CreateInputCanvas: функция не принимает 3 аргументов
C:\UserRegistration\PAWLIN\PRJ\MHDR_KIDSENSOR\development\UserRegistration\user_registration.cpp(37,6): message : см. объявление "CreateInputCanvas"
C:\UserRegistration\PAWLIN\PRJ\MHDR_KIDSENSOR\development\UserRegistration\user_registration.cpp(52,116): error C2660: CreateStartCanvas: функция не принимает 0 аргументов
C:\UserRegistration\PAWLIN\PRJ\MHDR_KIDSENSOR\development\UserRegistration\user_registration.cpp(39,6): message : см. объявление "CreateStartCanvas"
C:\UserRegistration\PAWLIN\PRJ\MHDR_KIDSENSOR\development\UserRegistration\user_registration.cpp(55,7): error C2065: database: необъявленный идентификатор
C:\UserRegistration\PAWLIN\PRJ\MHDR_KIDSENSOR\development\UserRegistration\user_registration.cpp(56,11): error C2065: DEBUG: необъявленный идентификатор
C:\UserRegistration\PAWLIN\PRJ\MHDR_KIDSENSOR\development\UserRegistration\user_registration.cpp(57,13): error C2065: cfgp: необъявленный идентификатор
C:\UserRegistration\PAWLIN\PRJ\MHDR_KIDSENSOR\development\UserRegistration\user_registration.cpp(61,1): error C2660: CreateTextCanvas: функция не принимает 1 аргументов
C:\UserRegistration\PAWLIN\PRJ\MHDR_KIDSENSOR\development\UserRegistration\user_registration.cpp(44,6): message : см. объявление "CreateTextCanvas"
C:\UserRegistration\PAWLIN\PRJ\MHDR_KIDSENSOR\development\UserRegistration\user_registration.cpp(64,1): error C2660: CreateTextCanvas: функция не принимает 2 аргументов
C:\UserRegistration\PAWLIN\PRJ\MHDR_KIDSENSOR\development\UserRegistration\user_registration.cpp(44,6): message : см. объявление "CreateTextCanvas"
C:\UserRegistration\PAWLIN\PRJ\MHDR_KIDSENSOR\development\UserRegistration\user_registration.cpp(87,1): error C3493: "DEBUG" нельзя передать неявно, поскольку не задан режим передачи по умолчанию
C:\UserRegistration\PAWLIN\PRJ\MHDR_KIDSENSOR\development\UserRegistration\user_registration.cpp(88,1): error C3493: "cfgp" нельзя передать неявно, поскольку не задан режим передачи по умолчанию
C:\UserRegistration\PAWLIN\PRJ\MHDR_KIDSENSOR\development\UserRegistration\user_registration.cpp(99,106): error C2660: CreateStartCanvas: функция не принимает 0 аргументов
C:\UserRegistration\PAWLIN\PRJ\MHDR_KIDSENSOR\development\UserRegistration\user_registration.cpp(39,6): message : см. объявление "CreateStartCanvas"
C:\UserRegistration\PAWLIN\PRJ\MHDR_KIDSENSOR\development\UserRegistration\user_registration.cpp(106,115): error C2660: CreateRegistrationCanvas: функция не принимает 2 аргументов
C:\UserRegistration\PAWLIN\PRJ\MHDR_KIDSENSOR\development\UserRegistration\user_registration.cpp(68,6): message : см. объявление "CreateRegistrationCanvas"
C:\UserRegistration\PAWLIN\PRJ\MHDR_KIDSENSOR\development\UserRegistration\user_registration.cpp(106,156): error C2660: CreateRegistrationCanvas: функция не принимает 1 аргументов
C:\UserRegistration\PAWLIN\PRJ\MHDR_KIDSENSOR\development\UserRegistration\user_registration.cpp(68,6): message : см. объявление "CreateRegistrationCanvas"
C:\UserRegistration\PAWLIN\PRJ\MHDR_KIDSENSOR\development\UserRegistration\user_registration.cpp(126,106): error C2660: CreateStartCanvas: функция не принимает 0 аргументов
C:\UserRegistration\PAWLIN\PRJ\MHDR_KIDSENSOR\development\UserRegistration\user_registration.cpp(39,6): message : см. объявление "CreateStartCanvas"
C:\UserRegistration\PAWLIN\PRJ\MHDR_KIDSENSOR\development\UserRegistration\user_registration.cpp(151,106): error C2660: CreateStartCanvas: функция не принимает 0 аргументов
C:\UserRegistration\PAWLIN\PRJ\MHDR_KIDSENSOR\development\UserRegistration\user_registration.cpp(39,6): message : см. объявление "CreateStartCanvas"
C:\UserRegistration\PAWLIN\PRJ\MHDR_KIDSENSOR\development\UserRegistration\user_registration.cpp(165,21): error C2660: CreateStartCanvas: функция не принимает 0 аргументов
C:\UserRegistration\PAWLIN\PRJ\MHDR_KIDSENSOR\development\UserRegistration\user_registration.cpp(39,6): message : см. объявление "CreateStartCanvas"
  Создание кода...
